Crashlog created at 2014-02-04 18:28:30 -0600

===== MESSAGE:

RuntimeError: Could not parse YAML for content/article_blog.haml: (<unknown>): mapping values are not allowed in this context at line 2 column 20

===== COMPILATION STACK:

  (empty)

===== STACK TRACE:

  0. /Users/lindseybradford/.rbenv/versions/2.0.0-p195/lib/ruby/gems/2.0.0/gems/nanoc-3.6.7/lib/nanoc/data_sources/filesystem.rb:266:in `rescue in parse'
  1. /Users/lindseybradford/.rbenv/versions/2.0.0-p195/lib/ruby/gems/2.0.0/gems/nanoc-3.6.7/lib/nanoc/data_sources/filesystem.rb:263:in `parse'
  2. /Users/lindseybradford/.rbenv/versions/2.0.0-p195/lib/ruby/gems/2.0.0/gems/nanoc-3.6.7/lib/nanoc/data_sources/filesystem.rb:89:in `block in load_objects'
  3. /Users/lindseybradford/.rbenv/versions/2.0.0-p195/lib/ruby/gems/2.0.0/gems/nanoc-3.6.7/lib/nanoc/data_sources/filesystem.rb:78:in `each'
  4. /Users/lindseybradford/.rbenv/versions/2.0.0-p195/lib/ruby/gems/2.0.0/gems/nanoc-3.6.7/lib/nanoc/data_sources/filesystem.rb:78:in `map'
  5. /Users/lindseybradford/.rbenv/versions/2.0.0-p195/lib/ruby/gems/2.0.0/gems/nanoc-3.6.7/lib/nanoc/data_sources/filesystem.rb:78:in `load_objects'
  6. /Users/lindseybradford/.rbenv/versions/2.0.0-p195/lib/ruby/gems/2.0.0/gems/nanoc-3.6.7/lib/nanoc/data_sources/filesystem.rb:37:in `items'
  7. /Users/lindseybradford/.rbenv/versions/2.0.0-p195/lib/ruby/gems/2.0.0/gems/nanoc-3.6.7/lib/nanoc/base/source_data/site.rb:325:in `block in load_items'
  8. /Users/lindseybradford/.rbenv/versions/2.0.0-p195/lib/ruby/gems/2.0.0/gems/nanoc-3.6.7/lib/nanoc/base/source_data/site.rb:324:in `each'
  9. /Users/lindseybradford/.rbenv/versions/2.0.0-p195/lib/ruby/gems/2.0.0/gems/nanoc-3.6.7/lib/nanoc/base/source_data/site.rb:324:in `load_items'
  10. /Users/lindseybradford/.rbenv/versions/2.0.0-p195/lib/ruby/gems/2.0.0/gems/nanoc-3.6.7/lib/nanoc/base/source_data/site.rb:243:in `load'
  11. /Users/lindseybradford/.rbenv/versions/2.0.0-p195/lib/ruby/gems/2.0.0/gems/nanoc-3.6.7/lib/nanoc/base/source_data/site.rb:127:in `layouts'
  12. /Users/lindseybradford/.rbenv/versions/2.0.0-p195/lib/ruby/gems/2.0.0/gems/nanoc-3.6.7/lib/nanoc/base/compilation/compiler.rb:187:in `dependency_tracker'
  13. /Users/lindseybradford/.rbenv/versions/2.0.0-p195/lib/ruby/gems/2.0.0/gems/nanoc-3.6.7/lib/nanoc/base/memoization.rb:56:in `block in memoize'
  14. /Users/lindseybradford/.rbenv/versions/2.0.0-p195/lib/ruby/gems/2.0.0/gems/nanoc-3.6.7/lib/nanoc/base/compilation/compiler.rb:457:in `stores'
  15. /Users/lindseybradford/.rbenv/versions/2.0.0-p195/lib/ruby/gems/2.0.0/gems/nanoc-3.6.7/lib/nanoc/base/compilation/compiler.rb:146:in `unload'
  16. /Users/lindseybradford/.rbenv/versions/2.0.0-p195/lib/ruby/gems/2.0.0/gems/nanoc-3.6.7/lib/nanoc/base/source_data/site.rb:274:in `unload'
  17. /Users/lindseybradford/.rbenv/versions/2.0.0-p195/lib/ruby/gems/2.0.0/gems/nanoc-3.6.7/lib/nanoc/base/source_data/site.rb:254:in `rescue in load'
  18. /Users/lindseybradford/.rbenv/versions/2.0.0-p195/lib/ruby/gems/2.0.0/gems/nanoc-3.6.7/lib/nanoc/base/source_data/site.rb:258:in `load'
  19. /Users/lindseybradford/.rbenv/versions/2.0.0-p195/lib/ruby/gems/2.0.0/gems/nanoc-3.6.7/lib/nanoc/cli/command_runner.rb:63:in `load_site'
  20. /Users/lindseybradford/.rbenv/versions/2.0.0-p195/lib/ruby/gems/2.0.0/gems/nanoc-3.6.7/lib/nanoc/cli/commands/compile.rb:390:in `run'
  21. /Users/lindseybradford/.rbenv/versions/2.0.0-p195/lib/ruby/gems/2.0.0/gems/nanoc-3.6.7/lib/nanoc/cli/command_runner.rb:14:in `block in call'
  22. /Users/lindseybradford/.rbenv/versions/2.0.0-p195/lib/ruby/gems/2.0.0/gems/nanoc-3.6.7/lib/nanoc/cli/error_handler.rb:70:in `handle_while'
  23. /Users/lindseybradford/.rbenv/versions/2.0.0-p195/lib/ruby/gems/2.0.0/gems/nanoc-3.6.7/lib/nanoc/cli/error_handler.rb:26:in `handle_while'
  24. /Users/lindseybradford/.rbenv/versions/2.0.0-p195/lib/ruby/gems/2.0.0/gems/nanoc-3.6.7/lib/nanoc/cli/command_runner.rb:13:in `call'
  25. /Users/lindseybradford/.rbenv/versions/2.0.0-p195/lib/ruby/gems/2.0.0/gems/cri-2.4.1/lib/cri/command_dsl.rb:185:in `block in runner'
  26. /Users/lindseybradford/.rbenv/versions/2.0.0-p195/lib/ruby/gems/2.0.0/gems/cri-2.4.1/lib/cri/command.rb:298:in `call'
  27. /Users/lindseybradford/.rbenv/versions/2.0.0-p195/lib/ruby/gems/2.0.0/gems/cri-2.4.1/lib/cri/command.rb:298:in `run_this'
  28. /Users/lindseybradford/.rbenv/versions/2.0.0-p195/lib/ruby/gems/2.0.0/gems/cri-2.4.1/lib/cri/command.rb:251:in `run'
  29. /Users/lindseybradford/.rbenv/versions/2.0.0-p195/lib/ruby/gems/2.0.0/gems/cri-2.4.1/lib/cri/command.rb:264:in `run'
  30. /Users/lindseybradford/.rbenv/versions/2.0.0-p195/lib/ruby/gems/2.0.0/gems/nanoc-3.6.7/lib/nanoc/cli.rb:59:in `block in run'
  31. /Users/lindseybradford/.rbenv/versions/2.0.0-p195/lib/ruby/gems/2.0.0/gems/nanoc-3.6.7/lib/nanoc/cli/error_handler.rb:70:in `handle_while'
  32. /Users/lindseybradford/.rbenv/versions/2.0.0-p195/lib/ruby/gems/2.0.0/gems/nanoc-3.6.7/lib/nanoc/cli/error_handler.rb:26:in `handle_while'
  33. /Users/lindseybradford/.rbenv/versions/2.0.0-p195/lib/ruby/gems/2.0.0/gems/nanoc-3.6.7/lib/nanoc/cli.rb:57:in `run'
  34. /Users/lindseybradford/.rbenv/versions/2.0.0-p195/lib/ruby/gems/2.0.0/gems/nanoc-3.6.7/bin/nanoc:19:in `<top (required)>'
  35. /Users/lindseybradford/.rbenv/versions/2.0.0-p195/bin/nanoc:23:in `load'
  ... 38 more lines omitted. See full crash log for details.

===== VERSION INFORMATION:

nanoc 3.6.7 © 2007-2013 Denis Defreyne.
Running ruby 2.0.0 (2013-05-14) on x86_64-darwin12.2.1 with RubyGems 2.0.3.

===== SYSTEM INFORMATION:

Darwin Lindseys-MacBook-Air.local 13.0.0 Darwin Kernel Version 13.0.0: Thu Sep 19 22:22:27 PDT 2013; root:xnu-2422.1.72~6/RELEASE_X86_64 x86_64

===== INSTALLED GEMS:

  actionmailer 4.0.0, 4.0.1, 4.0.2
  actionpack 4.0.0, 4.0.1, 4.0.2
  activemodel 4.0.0, 4.0.1, 4.0.2
  activerecord 4.0.0, 4.0.1, 4.0.2
  activerecord-deprecated_finders 1.0.3
  activesupport 4.0.0, 4.0.1, 4.0.2
  arel 4.0.0, 4.0.1, 5.0.0
  atomic 1.1.14
  autoprefixer-rails 0.8.20131205, 1.0.20140203
  bigdecimal 1.2.0, 1.2.1, 1.2.5
  bourbon 3.1.6, 3.1.8
  builder 3.1.4, 3.2.2
  bundler 1.3.5, 1.5.2
  chunky_png 1.2.8, 1.2.9
  colored 1.2
  compass 0.12.2
  cri 2.4.1
  csso-rails 0.3.2, 0.3.3
  erubis 2.7.0
  execjs 2.0.2
  foundation 1.0.1, 1.0.4
  fssm 0.2.10
  haml 4.0.3, 4.0.4, 4.0.5
  hike 1.2.3
  i18n 0.6.5, 0.6.9
  io-console 0.4.2
  json 1.7.7, 1.8.0, 1.8.1
  mail 2.5.4
  mime-types 1.25, 2.0, 2.1
  minitest 4.3.2, 5.0.6, 5.0.7, 5.0.8, 5.2.2
  modular-scale 1.0.6
  multi_json 1.8.0, 1.8.2, 1.8.4
  nanoc 3.6.7
  neat 1.4.0, 1.5.0
  polyglot 0.3.3
  psych 2.0.0, 2.0.2
  rack 1.5.2
  rack-test 0.6.2
  rails 4.0.0, 4.0.1, 4.0.2
  railties 4.0.0, 4.0.1, 4.0.2
  rake 0.9.6, 10.1.0, 10.1.1
  rdoc 4.0.0, 4.0.1, 4.1.1
  rubygems-update 2.0.3, 2.0.5, 2.1.3, 2.1.11, 2.2.1
  sass 3.2.9, 3.2.10, 3.2.12, 3.2.14
  sassy-math 1.5
  scut 0.6.0, 0.9.0
  sprockets 2.10.0, 2.10.1
  sprockets-rails 2.0.0, 2.0.1
  susy 1.0.8, 1.0.9
  test-unit 2.0.0.0, 2.5.5
  thor 0.18.1
  thread_safe 0.1.3
  tilt 1.4.1, 2.0.0
  treetop 1.4.15
  tzinfo 0.3.37, 1.1.0
  zurb-foundation 3.2.5, 4.2.0, 4.3.0, 4.3.1, 4.3.2

===== ENVIRONMENT:

Apple_PubSub_Socket_Render => "/tmp/launch-swzhjF/Render"
HOME => "/Users/lindseybradford"
LANG => "en_US.UTF-8"
LOGNAME => "lindseybradford"
PATH => "/Users/lindseybradford/.rbenv/versions/2.0.0-p195/bin:/usr/local/Cellar/rbenv/0.4.0/libexec:/usr/local/mysql/bin:/Users/lindseybradford/.rbenv/shims:/usr/local/bin:/usr/bin:/bin:/usr/sbin:/sbin:/usr/local/bin"
PWD => "/Users/lindseybradford/Sites/Clients/Big Science Media/Genome/FED"
RBENV_DIR => "/Users/lindseybradford/Sites/Clients/Big Science Media/Genome/FED"
RBENV_HOOK_PATH => ":/Users/lindseybradford/.rbenv/rbenv.d:/usr/local/etc/rbenv.d:/etc/rbenv.d:/usr/lib/rbenv/hooks"
RBENV_ROOT => "/Users/lindseybradford/.rbenv"
RBENV_VERSION => "2.0.0-p195"
SECURITYSESSIONID => "186a4"
SHELL => "/bin/bash"
SHLVL => "1"
SSH_AUTH_SOCK => "/tmp/launch-zE6UUB/Listeners"
TERM => "xterm-256color"
TERM_PROGRAM => "Apple_Terminal"
TERM_PROGRAM_VERSION => "326"
TERM_SESSION_ID => "084BC8E3-C63D-4752-9F52-C906C8C9C785"
TMPDIR => "/var/folders/ms/3sgmmzcx1n58dznsx51l795m0000gn/T/"
USER => "lindseybradford"
__CF_USER_TEXT_ENCODING => "0x1F5:0:0"
__CHECKFIX1436934 => "1"

===== LOAD PATHS:

  0. /Users/lindseybradford/.rbenv/versions/2.0.0-p195/lib/ruby/gems/2.0.0/gems/nanoc-3.6.7/lib
  1. /Users/lindseybradford/.rbenv/versions/2.0.0-p195/lib/ruby/gems/2.0.0/gems/colored-1.2/lib
  2. /Users/lindseybradford/.rbenv/versions/2.0.0-p195/lib/ruby/gems/2.0.0/gems/cri-2.4.1/lib
  3. /Users/lindseybradford/.rbenv/versions/2.0.0-p195/lib/ruby/gems/2.0.0/gems/nanoc-3.6.7/lib
  4. /Users/lindseybradford/.rbenv/versions/2.0.0-p195/lib/ruby/gems/2.0.0/gems/bundler-1.5.2/lib
  5. /Users/lindseybradford/.rbenv/versions/2.0.0-p195/lib/ruby/gems/2.0.0/gems/psych-2.0.2/lib
  6. /Users/lindseybradford/.rbenv/versions/2.0.0-p195/lib/ruby/site_ruby/2.0.0
  7. /Users/lindseybradford/.rbenv/versions/2.0.0-p195/lib/ruby/site_ruby/2.0.0/x86_64-darwin12.2.1
  8. /Users/lindseybradford/.rbenv/versions/2.0.0-p195/lib/ruby/site_ruby
  9. /Users/lindseybradford/.rbenv/versions/2.0.0-p195/lib/ruby/vendor_ruby/2.0.0
  10. /Users/lindseybradford/.rbenv/versions/2.0.0-p195/lib/ruby/vendor_ruby/2.0.0/x86_64-darwin12.2.1
  11. /Users/lindseybradford/.rbenv/versions/2.0.0-p195/lib/ruby/vendor_ruby
  12. /Users/lindseybradford/.rbenv/versions/2.0.0-p195/lib/ruby/2.0.0
  13. /Users/lindseybradford/.rbenv/versions/2.0.0-p195/lib/ruby/2.0.0/x86_64-darwin12.2.1
